<?xml version="1.0" encoding="UTF-8"?>
<!-- Generated by org.testng.reporters.JUnitReportReporter -->
<testsuite skipped="0" hostname="DESKTOP-NL0PVDJ" name="tests.repository.LoginPageTests" tests="2" failures="0" timestamp="2020-05-16T23:36:39 CEST" time="7.548" errors="0">
  <testcase name="loginIncorrectUsername" time="0.847" classname="tests.repository.LoginPageTests"/>
  <system-out/>
  <testcase name="loginSuccessful" time="6.701" classname="tests.repository.LoginPageTests"/>
  <system-out/>
</testsuite> <!-- tests.repository.LoginPageTests -->
