<?xml version="1.0" encoding="UTF-8"?>
<!-- Generated by org.testng.reporters.JUnitReportReporter -->
<testsuite skipped="0" hostname="DESKTOP-NL0PVDJ" name="tests.repository.ProductsPageTests" tests="1" failures="0" timestamp="2020-05-16T23:36:39 CEST" time="38.455" errors="0">
  <testcase name="addProduct" time="38.455" classname="tests.repository.ProductsPageTests"/>
  <system-out/>
</testsuite> <!-- tests.repository.ProductsPageTests -->
